..FF...F
An error occurred in an after hook
  ActiveRecord::StatementInvalid: SQLite3::BusyException: database is locked: DELETE FROM "advertisements";
  occurred at C:/RailsInstaller/Ruby1.9.3/lib/ruby/gems/1.9.1/gems/sqlite3-1.3.5-x86-mingw32/lib/sqlite3/database.rb:97:in `close'

F
An error occurred in an after hook
  ActiveRecord::StatementInvalid: SQLite3::BusyException: database is locked: DELETE FROM "advertisements";
  occurred at C:/RailsInstaller/Ruby1.9.3/lib/ruby/gems/1.9.1/gems/sqlite3-1.3.5-x86-mingw32/lib/sqlite3/database.rb:97:in `close'

F
An error occurred in an after hook
  ActiveRecord::StatementInvalid: SQLite3::BusyException: database is locked: DELETE FROM "advertisements";
  occurred at C:/RailsInstaller/Ruby1.9.3/lib/ruby/gems/1.9.1/gems/sqlite3-1.3.5-x86-mingw32/lib/sqlite3/database.rb:97:in `close'


An error occurred in an after hook
  Errno::ECONNREFUSED: No connection could be made because the target machine actively refused it. - connect(2)
  occurred at C:/RailsInstaller/Ruby1.9.3/lib/ruby/1.9.1/net/http.rb:762:in `initialize'

F
An error occurred in an after hook
  ActiveRecord::StatementInvalid: SQLite3::BusyException: database is locked: DELETE FROM "advertisements";
  occurred at C:/RailsInstaller/Ruby1.9.3/lib/ruby/gems/1.9.1/gems/sqlite3-1.3.5-x86-mingw32/lib/sqlite3/database.rb:97:in `close'


An error occurred in an after hook
  Errno::ECONNREFUSED: No connection could be made because the target machine actively refused it. - connect(2)
  occurred at C:/RailsInstaller/Ruby1.9.3/lib/ruby/1.9.1/net/http.rb:762:in `initialize'

F
An error occurred in an after hook
  ActiveRecord::StatementInvalid: SQLite3::BusyException: database is locked: DELETE FROM "advertisements";
  occurred at C:/RailsInstaller/Ruby1.9.3/lib/ruby/gems/1.9.1/gems/sqlite3-1.3.5-x86-mingw32/lib/sqlite3/database.rb:97:in `close'


An error occurred in an after hook
  Errno::ECONNREFUSED: No connection could be made because the target machine actively refused it. - connect(2)
  occurred at C:/RailsInstaller/Ruby1.9.3/lib/ruby/1.9.1/net/http.rb:762:in `initialize'

F
An error occurred in an after hook
  ActiveRecord::StatementInvalid: SQLite3::BusyException: database is locked: DELETE FROM "advertisements";
  occurred at C:/RailsInstaller/Ruby1.9.3/lib/ruby/gems/1.9.1/gems/sqlite3-1.3.5-x86-mingw32/lib/sqlite3/database.rb:97:in `close'


An error occurred in an after hook
  Errno::ECONNREFUSED: No connection could be made because the target machine actively refused it. - connect(2)
  occurred at C:/RailsInstaller/Ruby1.9.3/lib/ruby/1.9.1/net/http.rb:762:in `initialize'

F
An error occurred in an after hook
  ActiveRecord::StatementInvalid: SQLite3::BusyException: database is locked: DELETE FROM "advertisements";
  occurred at C:/RailsInstaller/Ruby1.9.3/lib/ruby/gems/1.9.1/gems/sqlite3-1.3.5-x86-mingw32/lib/sqlite3/database.rb:97:in `close'


An error occurred in an after hook
  Errno::ECONNREFUSED: No connection could be made because the target machine actively refused it. - connect(2)
  occurred at C:/RailsInstaller/Ruby1.9.3/lib/ruby/1.9.1/net/http.rb:762:in `initialize'

F
An error occurred in an after hook
  ActiveRecord::StatementInvalid: SQLite3::BusyException: database is locked: DELETE FROM "advertisements";
  occurred at C:/RailsInstaller/Ruby1.9.3/lib/ruby/gems/1.9.1/gems/sqlite3-1.3.5-x86-mingw32/lib/sqlite3/database.rb:97:in `close'


An error occurred in an after hook
  Errno::ECONNREFUSED: No connection could be made because the target machine actively refused it. - connect(2)
  occurred at C:/RailsInstaller/Ruby1.9.3/lib/ruby/1.9.1/net/http.rb:762:in `initialize'

F
An error occurred in an after hook
  ActiveRecord::StatementInvalid: SQLite3::BusyException: database is locked: DELETE FROM "advertisements";
  occurred at C:/RailsInstaller/Ruby1.9.3/lib/ruby/gems/1.9.1/gems/sqlite3-1.3.5-x86-mingw32/lib/sqlite3/database.rb:97:in `close'


An error occurred in an after hook
  Errno::ECONNREFUSED: No connection could be made because the target machine actively refused it. - connect(2)
  occurred at C:/RailsInstaller/Ruby1.9.3/lib/ruby/1.9.1/net/http.rb:762:in `initialize'

F
An error occurred in an after hook
  ActiveRecord::StatementInvalid: SQLite3::BusyException: database is locked: DELETE FROM "advertisements";
  occurred at C:/RailsInstaller/Ruby1.9.3/lib/ruby/gems/1.9.1/gems/sqlite3-1.3.5-x86-mingw32/lib/sqlite3/database.rb:97:in `close'


An error occurred in an after hook
  Errno::ECONNREFUSED: No connection could be made because the target machine actively refused it. - connect(2)
  occurred at C:/RailsInstaller/Ruby1.9.3/lib/ruby/1.9.1/net/http.rb:762:in `initialize'

F
An error occurred in an after hook
  ActiveRecord::StatementInvalid: SQLite3::BusyException: database is locked: DELETE FROM "advertisements";
  occurred at C:/RailsInstaller/Ruby1.9.3/lib/ruby/gems/1.9.1/gems/sqlite3-1.3.5-x86-mingw32/lib/sqlite3/database.rb:97:in `close'


An error occurred in an after hook
  Errno::ECONNREFUSED: No connection could be made because the target machine actively refused it. - connect(2)
  occurred at C:/RailsInstaller/Ruby1.9.3/lib/ruby/1.9.1/net/http.rb:762:in `initialize'

F
An error occurred in an after hook
  ActiveRecord::StatementInvalid: SQLite3::BusyException: database is locked: DELETE FROM "advertisements";
  occurred at C:/RailsInstaller/Ruby1.9.3/lib/ruby/gems/1.9.1/gems/sqlite3-1.3.5-x86-mingw32/lib/sqlite3/database.rb:97:in `close'


An error occurred in an after hook
  Errno::ECONNREFUSED: No connection could be made because the target machine actively refused it. - connect(2)
  occurred at C:/RailsInstaller/Ruby1.9.3/lib/ruby/1.9.1/net/http.rb:762:in `initialize'

F
An error occurred in an after hook
  ActiveRecord::StatementInvalid: SQLite3::BusyException: database is locked: DELETE FROM "advertisements";
  occurred at C:/RailsInstaller/Ruby1.9.3/lib/ruby/gems/1.9.1/gems/sqlite3-1.3.5-x86-mingw32/lib/sqlite3/database.rb:97:in `close'


An error occurred in an after hook
  Errno::ECONNREFUSED: No connection could be made because the target machine actively refused it. - connect(2)
  occurred at C:/RailsInstaller/Ruby1.9.3/lib/ruby/1.9.1/net/http.rb:762:in `initialize'

F
An error occurred in an after hook
  ActiveRecord::StatementInvalid: SQLite3::BusyException: database is locked: DELETE FROM "advertisements";
  occurred at C:/RailsInstaller/Ruby1.9.3/lib/ruby/gems/1.9.1/gems/sqlite3-1.3.5-x86-mingw32/lib/sqlite3/database.rb:97:in `close'


An error occurred in an after hook
  Errno::ECONNREFUSED: No connection could be made because the target machine actively refused it. - connect(2)
  occurred at C:/RailsInstaller/Ruby1.9.3/lib/ruby/1.9.1/net/http.rb:762:in `initialize'

F

Failures:

  1) AdvertisementPages create new advertisement with valid information should create a payment detail
     Failure/Error: expect { click_button submit }.to change(PaymentDetail, :count).by(1)
       count should have been changed by 1, but was changed by 0
     # ./spec/requests/advertisement_pages_spec.rb:45:in `block (4 levels) in <top (required)>'

  2) AdvertisementPages create new advertisement with valid information should create width x height tiles
     Failure/Error: end.to change { Tile.last.id }.by(15)
     RuntimeError:
       Called id for nil, which would mistakenly be 4 -- if you really wanted the id of nil, use object_id
     # ./spec/requests/advertisement_pages_spec.rb:51:in `block (5 levels) in <top (required)>'
     # ./spec/requests/advertisement_pages_spec.rb:49:in `block (4 levels) in <top (required)>'

  3) AdvertisementPages create new advertisement with valid information after saving the advertisment 
     Failure/Error: it { should have_selector("img#ad_#{ad.id}_image") }
       expected css "img#ad_523_image" to return something
     # ./spec/requests/advertisement_pages_spec.rb:70:in `block (5 levels) in <top (required)>'

  4) AdvertisementPages create new advertisement with valid information after saving the advertisment 
     Failure/Error: specify { payment.amount.should == ad.width * ad.height }
     NoMethodError:
       undefined method `amount' for nil:NilClass
     # ./spec/requests/advertisement_pages_spec.rb:62:in `block (5 levels) in <top (required)>'

  5) AdvertisementPages create new advertisement with valid information after saving the advertisment 
     Failure/Error: let(:user) { FactoryGirl.create(:user) }
     ActiveRecord::StatementInvalid:
       SQLite3::BusyException: database is locked: commit transaction
     # ./spec/requests/advertisement_pages_spec.rb:7:in `block (3 levels) in <top (required)>'
     # ./spec/requests/advertisement_pages_spec.rb:12:in `block (3 levels) in <top (required)>'

  6) AdvertisementPages create new advertisement with valid information after saving the advertisment 
     Failure/Error: let(:user) { FactoryGirl.create(:user) }
     ActiveRecord::StatementInvalid:
       SQLite3::BusyException: database is locked: commit transaction
     # ./spec/requests/advertisement_pages_spec.rb:7:in `block (3 levels) in <top (required)>'
     # ./spec/requests/advertisement_pages_spec.rb:12:in `block (3 levels) in <top (required)>'

  7) AdvertisementPages create new advertisement with valid information after saving the advertisment 
     Failure/Error: let(:user) { FactoryGirl.create(:user) }
     ActiveRecord::StatementInvalid:
       SQLite3::BusyException: database is locked: commit transaction
     # ./spec/requests/advertisement_pages_spec.rb:7:in `block (3 levels) in <top (required)>'
     # ./spec/requests/advertisement_pages_spec.rb:12:in `block (3 levels) in <top (required)>'

  8) AdvertisementPages create new advertisement with valid information after saving the advertisment 
     Failure/Error: let(:user) { FactoryGirl.create(:user) }
     ActiveRecord::StatementInvalid:
       SQLite3::BusyException: database is locked: commit transaction
     # ./spec/requests/advertisement_pages_spec.rb:7:in `block (3 levels) in <top (required)>'
     # ./spec/requests/advertisement_pages_spec.rb:12:in `block (3 levels) in <top (required)>'

  9) AdvertisementPages create new advertisement with valid information after saving the advertisment 
     Failure/Error: let(:user) { FactoryGirl.create(:user) }
     ActiveRecord::StatementInvalid:
       SQLite3::BusyException: database is locked: commit transaction
     # ./spec/requests/advertisement_pages_spec.rb:7:in `block (3 levels) in <top (required)>'
     # ./spec/requests/advertisement_pages_spec.rb:12:in `block (3 levels) in <top (required)>'

  10) AdvertisementPages create new advertisement with valid information after saving the advertisment 
     Failure/Error: let(:user) { FactoryGirl.create(:user) }
     ActiveRecord::StatementInvalid:
       SQLite3::BusyException: database is locked: commit transaction
     # ./spec/requests/advertisement_pages_spec.rb:7:in `block (3 levels) in <top (required)>'
     # ./spec/requests/advertisement_pages_spec.rb:12:in `block (3 levels) in <top (required)>'

  11) AdvertisementPages create new advertisement with valid information after saving the advertisment 
     Failure/Error: let(:user) { FactoryGirl.create(:user) }
     ActiveRecord::StatementInvalid:
       SQLite3::BusyException: database is locked: commit transaction
     # ./spec/requests/advertisement_pages_spec.rb:7:in `block (3 levels) in <top (required)>'
     # ./spec/requests/advertisement_pages_spec.rb:12:in `block (3 levels) in <top (required)>'

  12) AdvertisementPages create new advertisement with valid information after saving the advertisment 
     Failure/Error: let(:user) { FactoryGirl.create(:user) }
     ActiveRecord::StatementInvalid:
       SQLite3::BusyException: database is locked: commit transaction
     # ./spec/requests/advertisement_pages_spec.rb:7:in `block (3 levels) in <top (required)>'
     # ./spec/requests/advertisement_pages_spec.rb:12:in `block (3 levels) in <top (required)>'

  13) AdvertisementPages create new advertisement with valid information after saving the advertisment 
     Failure/Error: let(:user) { FactoryGirl.create(:user) }
     ActiveRecord::StatementInvalid:
       SQLite3::BusyException: database is locked: commit transaction
     # ./spec/requests/advertisement_pages_spec.rb:7:in `block (3 levels) in <top (required)>'
     # ./spec/requests/advertisement_pages_spec.rb:12:in `block (3 levels) in <top (required)>'

  14) AdvertisementPages having an advertisement age should add a new payment detail
     Failure/Error: let!(:ad) { FactoryGirl.create(:advertisement, height: 4, width: 4) }
     ActiveRecord::StatementInvalid:
       SQLite3::BusyException: database is locked: commit transaction
     # C:in `object'
     # ./spec/requests/advertisement_pages_spec.rb:80:in `block (3 levels) in <top (required)>'

  15) AdvertisementPages having an advertisement age should reduce in cost by half 
     Failure/Error: let!(:ad) { FactoryGirl.create(:advertisement, height: 4, width: 4) }
     ActiveRecord::StatementInvalid:
       SQLite3::BusyException: database is locked: commit transaction
     # C:in `object'
     # ./spec/requests/advertisement_pages_spec.rb:80:in `block (3 levels) in <top (required)>'

  16) AdvertisementPages having an advertisement age tiles should never cost less than $0.01 
     Failure/Error: let!(:ad) { FactoryGirl.create(:advertisement, height: 4, width: 4) }
     ActiveRecord::StatementInvalid:
       SQLite3::BusyException: database is locked: commit transaction
     # C:in `object'
     # ./spec/requests/advertisement_pages_spec.rb:80:in `block (3 levels) in <top (required)>'

  17) AdvertisementPages having an advertisement age tiles should never cost less than $0.01 should not add new payment details
     Failure/Error: let!(:ad) { FactoryGirl.create(:advertisement, height: 4, width: 4) }
     ActiveRecord::StatementInvalid:
       SQLite3::BusyException: database is locked: commit transaction
     # C:in `object'
     # ./spec/requests/advertisement_pages_spec.rb:80:in `block (3 levels) in <top (required)>'

Finished in 3 minutes 18.93 seconds
22 examples, 17 failures

Failed examples:

rspec ./spec/requests/advertisement_pages_spec.rb:44 # AdvertisementPages create new advertisement with valid information should create a payment detail
rspec ./spec/requests/advertisement_pages_spec.rb:48 # AdvertisementPages create new advertisement with valid information should create width x height tiles
rspec ./spec/requests/advertisement_pages_spec.rb:70 # AdvertisementPages create new advertisement with valid information after saving the advertisment 
rspec ./spec/requests/advertisement_pages_spec.rb:62 # AdvertisementPages create new advertisement with valid information after saving the advertisment 
rspec ./spec/requests/advertisement_pages_spec.rb:68 # AdvertisementPages create new advertisement with valid information after saving the advertisment 
rspec ./spec/requests/advertisement_pages_spec.rb:69 # AdvertisementPages create new advertisement with valid information after saving the advertisment 
rspec ./spec/requests/advertisement_pages_spec.rb:61 # AdvertisementPages create new advertisement with valid information after saving the advertisment 
rspec ./spec/requests/advertisement_pages_spec.rb:60 # AdvertisementPages create new advertisement with valid information after saving the advertisment 
rspec ./spec/requests/advertisement_pages_spec.rb:66 # AdvertisementPages create new advertisement with valid information after saving the advertisment 
rspec ./spec/requests/advertisement_pages_spec.rb:74 # AdvertisementPages create new advertisement with valid information after saving the advertisment 
rspec ./spec/requests/advertisement_pages_spec.rb:72 # AdvertisementPages create new advertisement with valid information after saving the advertisment 
rspec ./spec/requests/advertisement_pages_spec.rb:73 # AdvertisementPages create new advertisement with valid information after saving the advertisment 
rspec ./spec/requests/advertisement_pages_spec.rb:65 # AdvertisementPages create new advertisement with valid information after saving the advertisment 
rspec ./spec/requests/advertisement_pages_spec.rb:91 # AdvertisementPages having an advertisement age should add a new payment detail
rspec ./spec/requests/advertisement_pages_spec.rb:98 # AdvertisementPages having an advertisement age should reduce in cost by half 
rspec ./spec/requests/advertisement_pages_spec.rb:104 # AdvertisementPages having an advertisement age tiles should never cost less than $0.01 
rspec ./spec/requests/advertisement_pages_spec.rb:106 # AdvertisementPages having an advertisement age tiles should never cost less than $0.01 should not add new payment details

Randomized with seed 40361

